============================================================
  LIVE STAT-ARB TRADER (5-min)
  Output log: /Users/jakegreenfield/stat_arb/live_feed/trader_output.log
============================================================
Loaded 25 pairs.

Tracking 45 unique tickers across 25 pairs.

Alpaca has open positions in: AWK, CNP
  Reconciled AWK/CNP → SHORT SPREAD
Alpaca account — equity: $99,167.20, cash: $113,057.60

[2026-02-22 18:16:43] Tick #1
  >>> ENTER_SHORT_SPREAD: AM/EQT @ z=+2.24
      BUY  82 shares of EQT @ $60.30 = $4,944.60
      SHORT 231 shares of AM @ $21.63 = $4,996.53

======================================================================
  LIVE SIGNALS — 2026-02-22 18:16:44
======================================================================

  PAIR: AM / EQT  (Energy)
  Z-Score: +2.24
  Prices: AM = $21.63  |  EQT = $60.30
  ACTION: SHORT SPREAD
    SHORT 231 shares of AM @ $21.63 = $4,996.53
    BUY  82 shares of EQT @ $60.30 = $4,944.60
    Long:  $4,944.60
    Short: $4,996.53
    Net:   $-51.93
    Entry Z: +2.24  |  Entry time: 2026-02-22 18:16:43

  PAIR: AWK / CNP  (Utilities)
  Z-Score: +0.60
  Prices: AWK = $129.60  |  CNP = $42.90
  ACTION: SHORT SPREAD
    SHORT 38 shares of AWK @ $129.60 = $4,924.80
    BUY  116 shares of CNP @ $42.90 = $4,976.66
    Long:  $4,976.66
    Short: $4,924.80
    Net:   $51.86
    Entry Z: +0.00  |  Entry time: reconciled

======================================================================
  PORTFOLIO SUMMARY
======================================================================
  Active: 2  |  Watching: 0  |  Quiet: 23
  Total long:   $9,921.26
  Total short:  $9,921.33
  Gross exposure: $19,842.59 / $10,000 max
  Net exposure:   $-0.07 (target: $0)
  Account size:   $100,000
======================================================================

[2026-02-22 18:17:45] Tick #2

======================================================================
  LIVE SIGNALS — 2026-02-22 18:17:45
======================================================================

  PAIR: AM / EQT  (Energy)
  Z-Score: +2.24
  Prices: AM = $21.63  |  EQT = $60.30
  ACTION: SHORT SPREAD
    SHORT 231 shares of AM @ $21.63 = $4,996.53
    BUY  82 shares of EQT @ $60.30 = $4,944.60
    Long:  $4,944.60
    Short: $4,996.53
    Net:   $-51.93
    Entry Z: +2.24  |  Entry time: 2026-02-22 18:16:43

  PAIR: AWK / CNP  (Utilities)
  Z-Score: +0.60
  Prices: AWK = $129.60  |  CNP = $42.90
  ACTION: SHORT SPREAD
    SHORT 38 shares of AWK @ $129.60 = $4,924.80
    BUY  116 shares of CNP @ $42.90 = $4,976.66
    Long:  $4,976.66
    Short: $4,924.80
    Net:   $51.86
    Entry Z: +0.00  |  Entry time: reconciled

======================================================================
  PORTFOLIO SUMMARY
======================================================================
  Active: 2  |  Watching: 0  |  Quiet: 23
  Total long:   $9,921.26
  Total short:  $9,921.33
  Gross exposure: $19,842.59 / $10,000 max
  Net exposure:   $-0.07 (target: $0)
  Account size:   $100,000
======================================================================

[2026-02-22 18:18:46] Tick #3

======================================================================
  LIVE SIGNALS — 2026-02-22 18:18:47
======================================================================

  PAIR: AM / EQT  (Energy)
  Z-Score: +2.24
  Prices: AM = $21.63  |  EQT = $60.30
  ACTION: SHORT SPREAD
    SHORT 231 shares of AM @ $21.63 = $4,996.53
    BUY  82 shares of EQT @ $60.30 = $4,944.60
    Long:  $4,944.60
    Short: $4,996.53
    Net:   $-51.93
    Entry Z: +2.24  |  Entry time: 2026-02-22 18:16:43

  PAIR: AWK / CNP  (Utilities)
  Z-Score: +0.60
  Prices: AWK = $129.60  |  CNP = $42.90
  ACTION: SHORT SPREAD
    SHORT 38 shares of AWK @ $129.60 = $4,924.80
    BUY  116 shares of CNP @ $42.90 = $4,976.66
    Long:  $4,976.66
    Short: $4,924.80
    Net:   $51.86
    Entry Z: +0.00  |  Entry time: reconciled

======================================================================
  PORTFOLIO SUMMARY
======================================================================
  Active: 2  |  Watching: 0  |  Quiet: 23
  Total long:   $9,921.26
  Total short:  $9,921.33
  Gross exposure: $19,842.59 / $10,000 max
  Net exposure:   $-0.07 (target: $0)
  Account size:   $100,000
======================================================================

[2026-02-22 18:19:48] Tick #4

======================================================================
  LIVE SIGNALS — 2026-02-22 18:19:48
======================================================================

  PAIR: AM / EQT  (Energy)
  Z-Score: +2.24
  Prices: AM = $21.63  |  EQT = $60.30
  ACTION: SHORT SPREAD
    SHORT 231 shares of AM @ $21.63 = $4,996.53
    BUY  82 shares of EQT @ $60.30 = $4,944.60
    Long:  $4,944.60
    Short: $4,996.53
    Net:   $-51.93
    Entry Z: +2.24  |  Entry time: 2026-02-22 18:16:43

  PAIR: AWK / CNP  (Utilities)
  Z-Score: +0.60
  Prices: AWK = $129.60  |  CNP = $42.90
  ACTION: SHORT SPREAD
    SHORT 38 shares of AWK @ $129.60 = $4,924.80
    BUY  116 shares of CNP @ $42.90 = $4,976.66
    Long:  $4,976.66
    Short: $4,924.80
    Net:   $51.86
    Entry Z: +0.00  |  Entry time: reconciled

======================================================================
  PORTFOLIO SUMMARY
======================================================================
  Active: 2  |  Watching: 0  |  Quiet: 23
  Total long:   $9,921.26
  Total short:  $9,921.33
  Gross exposure: $19,842.59 / $10,000 max
  Net exposure:   $-0.07 (target: $0)
  Account size:   $100,000
======================================================================

[2026-02-22 18:20:49] Tick #5

======================================================================
  LIVE SIGNALS — 2026-02-22 18:20:50
======================================================================

  PAIR: AM / EQT  (Energy)
  Z-Score: +2.24
  Prices: AM = $21.63  |  EQT = $60.30
  ACTION: SHORT SPREAD
    SHORT 231 shares of AM @ $21.63 = $4,996.53
    BUY  82 shares of EQT @ $60.30 = $4,944.60
    Long:  $4,944.60
    Short: $4,996.53
    Net:   $-51.93
    Entry Z: +2.24  |  Entry time: 2026-02-22 18:16:43

  PAIR: AWK / CNP  (Utilities)
  Z-Score: +0.60
  Prices: AWK = $129.60  |  CNP = $42.90
  ACTION: SHORT SPREAD
    SHORT 38 shares of AWK @ $129.60 = $4,924.80
    BUY  116 shares of CNP @ $42.90 = $4,976.66
    Long:  $4,976.66
    Short: $4,924.80
    Net:   $51.86
    Entry Z: +0.00  |  Entry time: reconciled

======================================================================
  PORTFOLIO SUMMARY
======================================================================
  Active: 2  |  Watching: 0  |  Quiet: 23
  Total long:   $9,921.26
  Total short:  $9,921.33
  Gross exposure: $19,842.59 / $10,000 max
  Net exposure:   $-0.07 (target: $0)
  Account size:   $100,000
======================================================================

[2026-02-22 18:21:51] Tick #6

======================================================================
  LIVE SIGNALS — 2026-02-22 18:21:51
======================================================================

  PAIR: AM / EQT  (Energy)
  Z-Score: +2.24
  Prices: AM = $21.63  |  EQT = $60.30
  ACTION: SHORT SPREAD
    SHORT 231 shares of AM @ $21.63 = $4,996.53
    BUY  82 shares of EQT @ $60.30 = $4,944.60
    Long:  $4,944.60
    Short: $4,996.53
    Net:   $-51.93
    Entry Z: +2.24  |  Entry time: 2026-02-22 18:16:43

  PAIR: AWK / CNP  (Utilities)
  Z-Score: +0.60
  Prices: AWK = $129.60  |  CNP = $42.90
  ACTION: SHORT SPREAD
    SHORT 38 shares of AWK @ $129.60 = $4,924.80
    BUY  116 shares of CNP @ $42.90 = $4,976.66
    Long:  $4,976.66
    Short: $4,924.80
    Net:   $51.86
    Entry Z: +0.00  |  Entry time: reconciled

======================================================================
  PORTFOLIO SUMMARY
======================================================================
  Active: 2  |  Watching: 0  |  Quiet: 23
  Total long:   $9,921.26
  Total short:  $9,921.33
  Gross exposure: $19,842.59 / $10,000 max
  Net exposure:   $-0.07 (target: $0)
  Account size:   $100,000
======================================================================

[2026-02-22 18:22:52] Tick #7

======================================================================
  LIVE SIGNALS — 2026-02-22 18:22:53
======================================================================

  PAIR: AM / EQT  (Energy)
  Z-Score: +2.24
  Prices: AM = $21.63  |  EQT = $60.30
  ACTION: SHORT SPREAD
    SHORT 231 shares of AM @ $21.63 = $4,996.53
    BUY  82 shares of EQT @ $60.30 = $4,944.60
    Long:  $4,944.60
    Short: $4,996.53
    Net:   $-51.93
    Entry Z: +2.24  |  Entry time: 2026-02-22 18:16:43

  PAIR: AWK / CNP  (Utilities)
  Z-Score: +0.60
  Prices: AWK = $129.60  |  CNP = $42.90
  ACTION: SHORT SPREAD
    SHORT 38 shares of AWK @ $129.60 = $4,924.80
    BUY  116 shares of CNP @ $42.90 = $4,976.66
    Long:  $4,976.66
    Short: $4,924.80
    Net:   $51.86
    Entry Z: +0.00  |  Entry time: reconciled

======================================================================
  PORTFOLIO SUMMARY
======================================================================
  Active: 2  |  Watching: 0  |  Quiet: 23
  Total long:   $9,921.26
  Total short:  $9,921.33
  Gross exposure: $19,842.59 / $10,000 max
  Net exposure:   $-0.07 (target: $0)
  Account size:   $100,000
======================================================================

[2026-02-22 18:23:54] Tick #8

======================================================================
  LIVE SIGNALS — 2026-02-22 18:23:55
======================================================================

  PAIR: AM / EQT  (Energy)
  Z-Score: +2.24
  Prices: AM = $21.63  |  EQT = $60.30
  ACTION: SHORT SPREAD
    SHORT 231 shares of AM @ $21.63 = $4,996.53
    BUY  82 shares of EQT @ $60.30 = $4,944.60
    Long:  $4,944.60
    Short: $4,996.53
    Net:   $-51.93
    Entry Z: +2.24  |  Entry time: 2026-02-22 18:16:43

  PAIR: AWK / CNP  (Utilities)
  Z-Score: +0.60
  Prices: AWK = $129.60  |  CNP = $42.90
  ACTION: SHORT SPREAD
    SHORT 38 shares of AWK @ $129.60 = $4,924.80
    BUY  116 shares of CNP @ $42.90 = $4,976.66
    Long:  $4,976.66
    Short: $4,924.80
    Net:   $51.86
    Entry Z: +0.00  |  Entry time: reconciled

======================================================================
  PORTFOLIO SUMMARY
======================================================================
  Active: 2  |  Watching: 0  |  Quiet: 23
  Total long:   $9,921.26
  Total short:  $9,921.33
  Gross exposure: $19,842.59 / $10,000 max
  Net exposure:   $-0.07 (target: $0)
  Account size:   $100,000
======================================================================

[2026-02-22 18:24:55] Tick #9

======================================================================
  LIVE SIGNALS — 2026-02-22 18:24:56
======================================================================

  PAIR: AM / EQT  (Energy)
  Z-Score: +2.24
  Prices: AM = $21.63  |  EQT = $60.30
  ACTION: SHORT SPREAD
    SHORT 231 shares of AM @ $21.63 = $4,996.53
    BUY  82 shares of EQT @ $60.30 = $4,944.60
    Long:  $4,944.60
    Short: $4,996.53
    Net:   $-51.93
    Entry Z: +2.24  |  Entry time: 2026-02-22 18:16:43

  PAIR: AWK / CNP  (Utilities)
  Z-Score: +0.60
  Prices: AWK = $129.60  |  CNP = $42.90
  ACTION: SHORT SPREAD
    SHORT 38 shares of AWK @ $129.60 = $4,924.80
    BUY  116 shares of CNP @ $42.90 = $4,976.66
    Long:  $4,976.66
    Short: $4,924.80
    Net:   $51.86
    Entry Z: +0.00  |  Entry time: reconciled

======================================================================
  PORTFOLIO SUMMARY
======================================================================
  Active: 2  |  Watching: 0  |  Quiet: 23
  Total long:   $9,921.26
  Total short:  $9,921.33
  Gross exposure: $19,842.59 / $10,000 max
  Net exposure:   $-0.07 (target: $0)
  Account size:   $100,000
======================================================================

[2026-02-22 18:25:57] Tick #10

======================================================================
  LIVE SIGNALS — 2026-02-22 18:25:58
======================================================================

  PAIR: AM / EQT  (Energy)
  Z-Score: +2.24
  Prices: AM = $21.63  |  EQT = $60.30
  ACTION: SHORT SPREAD
    SHORT 231 shares of AM @ $21.63 = $4,996.53
    BUY  82 shares of EQT @ $60.30 = $4,944.60
    Long:  $4,944.60
    Short: $4,996.53
    Net:   $-51.93
    Entry Z: +2.24  |  Entry time: 2026-02-22 18:16:43

  PAIR: AWK / CNP  (Utilities)
  Z-Score: +0.60
  Prices: AWK = $129.60  |  CNP = $42.90
  ACTION: SHORT SPREAD
    SHORT 38 shares of AWK @ $129.60 = $4,924.80
    BUY  116 shares of CNP @ $42.90 = $4,976.66
    Long:  $4,976.66
    Short: $4,924.80
    Net:   $51.86
    Entry Z: +0.00  |  Entry time: reconciled

======================================================================
  PORTFOLIO SUMMARY
======================================================================
  Active: 2  |  Watching: 0  |  Quiet: 23
  Total long:   $9,921.26
  Total short:  $9,921.33
  Gross exposure: $19,842.59 / $10,000 max
  Net exposure:   $-0.07 (target: $0)
  Account size:   $100,000
======================================================================

[2026-02-22 18:26:58] Tick #11

======================================================================
  LIVE SIGNALS — 2026-02-22 18:26:59
======================================================================

  PAIR: AM / EQT  (Energy)
  Z-Score: +2.24
  Prices: AM = $21.63  |  EQT = $60.30
  ACTION: SHORT SPREAD
    SHORT 231 shares of AM @ $21.63 = $4,996.53
    BUY  82 shares of EQT @ $60.30 = $4,944.60
    Long:  $4,944.60
    Short: $4,996.53
    Net:   $-51.93
    Entry Z: +2.24  |  Entry time: 2026-02-22 18:16:43

  PAIR: AWK / CNP  (Utilities)
  Z-Score: +0.60
  Prices: AWK = $129.60  |  CNP = $42.90
  ACTION: SHORT SPREAD
    SHORT 38 shares of AWK @ $129.60 = $4,924.80
    BUY  116 shares of CNP @ $42.90 = $4,976.66
    Long:  $4,976.66
    Short: $4,924.80
    Net:   $51.86
    Entry Z: +0.00  |  Entry time: reconciled

======================================================================
  PORTFOLIO SUMMARY
======================================================================
  Active: 2  |  Watching: 0  |  Quiet: 23
  Total long:   $9,921.26
  Total short:  $9,921.33
  Gross exposure: $19,842.59 / $10,000 max
  Net exposure:   $-0.07 (target: $0)
  Account size:   $100,000
======================================================================

